<?xml version="1.0" encoding="UTF-8"?>
<testsuite xmlns:xsi="http://www.w3.org/2001/XMLSchema-instance" xsi:noNamespaceSchemaLocation="https://maven.apache.org/surefire/maven-surefire-plugin/xsd/surefire-test-report.xsd" name="verification.TestAddAssignment" time="0.055" tests="9" errors="0" skipped="0" failures="0">
  <properties>
    <property name="java.specification.version" value="17"/>
    <property name="sun.jnu.encoding" value="UTF-8"/>
    <property name="java.class.path" value="/home/marianguceanu/Documents/Verification/target/test-classes:/home/marianguceanu/Documents/Verification/target/classes:/home/marianguceanu/.m2/repository/junit/junit/4.11/junit-4.11.jar:/home/marianguceanu/.m2/repository/org/hamcrest/hamcrest-core/1.3/hamcrest-core-1.3.jar:"/>
    <property name="java.vm.vendor" value="Red Hat, Inc."/>
    <property name="sun.arch.data.model" value="64"/>
    <property name="java.vendor.url" value="https://www.redhat.com/"/>
    <property name="os.name" value="Linux"/>
    <property name="java.vm.specification.version" value="17"/>
    <property name="sun.java.launcher" value="SUN_STANDARD"/>
    <property name="user.country" value="US"/>
    <property name="sun.boot.library.path" value="/usr/lib/jvm/java-17-openjdk-17.0.9.0.9-3.fc39.x86_64/lib"/>
    <property name="sun.java.command" value="/home/marianguceanu/Documents/Verification/target/surefire/surefirebooter10085600967782440273.jar /home/marianguceanu/Documents/Verification/target/surefire 2024-04-24T17-44-30_735-jvmRun1 surefire15489769835400142149tmp surefire_02367751370918008311tmp"/>
    <property name="jdk.debug" value="release"/>
    <property name="surefire.test.class.path" value="/home/marianguceanu/Documents/Verification/target/test-classes:/home/marianguceanu/Documents/Verification/target/classes:/home/marianguceanu/.m2/repository/junit/junit/4.11/junit-4.11.jar:/home/marianguceanu/.m2/repository/org/hamcrest/hamcrest-core/1.3/hamcrest-core-1.3.jar:"/>
    <property name="sun.cpu.endian" value="little"/>
    <property name="user.home" value="/home/marianguceanu"/>
    <property name="user.language" value="en"/>
    <property name="java.specification.vendor" value="Oracle Corporation"/>
    <property name="java.version.date" value="2023-10-17"/>
    <property name="java.home" value="/usr/lib/jvm/java-17-openjdk-17.0.9.0.9-3.fc39.x86_64"/>
    <property name="file.separator" value="/"/>
    <property name="basedir" value="/home/marianguceanu/Documents/Verification"/>
    <property name="java.vm.compressedOopsMode" value="Zero based"/>
    <property name="line.separator" value="&#10;"/>
    <property name="java.vm.specification.vendor" value="Oracle Corporation"/>
    <property name="java.specification.name" value="Java Platform API Specification"/>
    <property name="surefire.real.class.path" value="/home/marianguceanu/Documents/Verification/target/surefire/surefirebooter10085600967782440273.jar"/>
    <property name="sun.management.compiler" value="HotSpot 64-Bit Tiered Compilers"/>
    <property name="java.runtime.version" value="17.0.9+9"/>
    <property name="user.name" value="marianguceanu"/>
    <property name="path.separator" value=":"/>
    <property name="os.version" value="6.8.7-200.fc39.x86_64"/>
    <property name="java.runtime.name" value="OpenJDK Runtime Environment"/>
    <property name="file.encoding" value="UTF-8"/>
    <property name="java.vm.name" value="OpenJDK 64-Bit Server VM"/>
    <property name="java.vendor.version" value="(Red_Hat-17.0.9.0.9-4)"/>
    <property name="localRepository" value="/home/marianguceanu/.m2/repository"/>
    <property name="java.vendor.url.bug" value="https://bugzilla.redhat.com/enter_bug.cgi?product=Fedora&amp;component=java-17-openjdk&amp;version=38"/>
    <property name="java.io.tmpdir" value="/tmp"/>
    <property name="java.version" value="17.0.9"/>
    <property name="user.dir" value="/home/marianguceanu/Documents/Verification"/>
    <property name="os.arch" value="amd64"/>
    <property name="java.vm.specification.name" value="Java Virtual Machine Specification"/>
    <property name="native.encoding" value="UTF-8"/>
    <property name="java.library.path" value="/usr/java/packages/lib:/usr/lib64:/lib64:/lib:/usr/lib"/>
    <property name="java.vm.info" value="mixed mode, sharing"/>
    <property name="java.vendor" value="Red Hat, Inc."/>
    <property name="java.vm.version" value="17.0.9+9"/>
    <property name="sun.io.unicode.encoding" value="UnicodeLittle"/>
    <property name="java.class.version" value="61.0"/>
  </properties>
  <testcase name="testAddAssignmentStringIdEmptyDescription" classname="verification.TestAddAssignment" time="0"/>
  <testcase name="testAddAssignmentEmptyFields" classname="verification.TestAddAssignment" time="0"/>
  <testcase name="testAddAssignmentInvalidFields" classname="verification.TestAddAssignment" time="0.002"/>
  <testcase name="testAddAssignmentInvalidDeadline" classname="verification.TestAddAssignment" time="0.009"/>
  <testcase name="testAddAssignmentStringIdNumericDescription" classname="verification.TestAddAssignment" time="0.011"/>
  <testcase name="testAddAssignmentValidFields" classname="verification.TestAddAssignment" time="0.012"/>
  <testcase name="testAddAssignmentInvalidStartline" classname="verification.TestAddAssignment" time="0.008"/>
  <testcase name="testAddAssignmentNullFields" classname="verification.TestAddAssignment" time="0.007"/>
  <testcase name="testAddDuplicate" classname="verification.TestAddAssignment" time="0.006"/>
</testsuite>